<?xml version="1.0" encoding="UTF-8"?>
<testsuite xmlns:xsi="http://www.w3.org/2001/XMLSchema-instance" xsi:noNamespaceSchemaLocation="https://maven.apache.org/surefire/maven-surefire-plugin/xsd/surefire-test-report.xsd" name="nl.han.oose.sapporo.service.PlantServiceTest" time="0.038" tests="5" errors="0" skipped="0" failures="0">
  <properties>
[...]
</properties>
  <testcase name="getAllPlantsCallsGetAllPlants" classname="nl.han.oose.sapporo.service.PlantServiceTest" time="0.013"/>
  <testcase name="getAllPlantsReturnsRightGetAllPlants" classname="nl.han.oose.sapporo.service.PlantServiceTest" time="0.001"/>
  <testcase name="plantFullGrownCallsCheckIfPlantFullGrown" classname="nl.han.oose.sapporo.service.PlantServiceTest" time="0.001"/>
  <testcase name="plantFullGrownThrowsPlantNotGrownExceptionWhenCalledWithPlotWithoutFullGrownPlant" classname="nl.han.oose.sapporo.service.PlantServiceTest" time="0.002"/>
  <testcase name="deletePlantCallsDeletePlantInPlantDAO" classname="nl.han.oose.sapporo.service.PlantServiceTest" time="0.001"/>
</testsuite>